<?xml version="1.0" encoding="UTF-8"?>
<!-- Generated by org.testng.reporters.JUnitReportReporter -->
<testsuite hostname="luca-Lenovo-V15-IIL" failures="0" tests="1" name="com.yahoo.ycsb.TestByteIterator" time="0.006" errors="0" timestamp="14 Feb 2022 12:56:31 GMT">
  <testcase classname="com.yahoo.ycsb.TestByteIterator" name="testRandomByteIterator" time="0.006"/>
</testsuite>
